Performing C SOURCE FILE Test CMAKE_HAVE_LIBC_PTHREAD failed with the following output:
Change Dir: /home/ggonzalez/epitech/tek2/b-yep/B-YEP-400-NAN-4-1-indiestudio-gildas.gonzalez/build/CMakeFiles/CMakeTmp

Run Build Command(s):/usr/bin/gmake cmTC_83b1a/fast && /usr/bin/gmake  -f CMakeFiles/cmTC_83b1a.dir/build.make CMakeFiles/cmTC_83b1a.dir/build
gmake[1]: Entering directory '/home/ggonzalez/epitech/tek2/b-yep/B-YEP-400-NAN-4-1-indiestudio-gildas.gonzalez/build/CMakeFiles/CMakeTmp'
Building C object CMakeFiles/cmTC_83b1a.dir/src.c.o
/usr/bin/cc   -fno-strict-aliasing -Werror=implicit-function-declaration -Werror=pointer-arith  -DCMAKE_HAVE_LIBC_PTHREAD   -o CMakeFiles/cmTC_83b1a.dir/src.c.o   -c /home/ggonzalez/epitech/tek2/b-yep/B-YEP-400-NAN-4-1-indiestudio-gildas.gonzalez/build/CMakeFiles/CMakeTmp/src.c
Linking C executable cmTC_83b1a
/usr/bin/cmake -E cmake_link_script CMakeFiles/cmTC_83b1a.dir/link.txt --verbose=1
/usr/bin/cc -fno-strict-aliasing -Werror=implicit-function-declaration -Werror=pointer-arith  -DCMAKE_HAVE_LIBC_PTHREAD    -rdynamic CMakeFiles/cmTC_83b1a.dir/src.c.o  -o cmTC_83b1a 
/usr/bin/ld: CMakeFiles/cmTC_83b1a.dir/src.c.o: in function `main':
src.c:(.text+0x2d): undefined reference to `pthread_create'
/usr/bin/ld: src.c:(.text+0x39): undefined reference to `pthread_detach'
/usr/bin/ld: src.c:(.text+0x45): undefined reference to `pthread_cancel'
/usr/bin/ld: src.c:(.text+0x56): undefined reference to `pthread_join'
collect2: error: ld returned 1 exit status
gmake[1]: *** [CMakeFiles/cmTC_83b1a.dir/build.make:107: cmTC_83b1a] Error 1
gmake[1]: Leaving directory '/home/ggonzalez/epitech/tek2/b-yep/B-YEP-400-NAN-4-1-indiestudio-gildas.gonzalez/build/CMakeFiles/CMakeTmp'
gmake: *** [Makefile:141: cmTC_83b1a/fast] Error 2


Source file was:
#include <pthread.h>

void* test_func(void* data)
{
  return data;
}

int main(void)
{
  pthread_t thread;
  pthread_create(&thread, NULL, test_func, NULL);
  pthread_detach(thread);
  pthread_cancel(thread);
  pthread_join(thread, NULL);
  pthread_atfork(NULL, NULL, NULL);
  pthread_exit(NULL);

  return 0;
}

Determining if the function pthread_create exists in the pthreads failed with the following output:
Change Dir: /home/ggonzalez/epitech/tek2/b-yep/B-YEP-400-NAN-4-1-indiestudio-gildas.gonzalez/build/CMakeFiles/CMakeTmp

Run Build Command(s):/usr/bin/gmake cmTC_7bfa6/fast && /usr/bin/gmake  -f CMakeFiles/cmTC_7bfa6.dir/build.make CMakeFiles/cmTC_7bfa6.dir/build
gmake[1]: Entering directory '/home/ggonzalez/epitech/tek2/b-yep/B-YEP-400-NAN-4-1-indiestudio-gildas.gonzalez/build/CMakeFiles/CMakeTmp'
Building C object CMakeFiles/cmTC_7bfa6.dir/CheckFunctionExists.c.o
/usr/bin/cc   -fno-strict-aliasing -Werror=implicit-function-declaration -Werror=pointer-arith  -DCHECK_FUNCTION_EXISTS=pthread_create   -std=gnu99 -o CMakeFiles/cmTC_7bfa6.dir/CheckFunctionExists.c.o   -c /usr/share/cmake/Modules/CheckFunctionExists.c
Linking C executable cmTC_7bfa6
/usr/bin/cmake -E cmake_link_script CMakeFiles/cmTC_7bfa6.dir/link.txt --verbose=1
/usr/bin/cc -fno-strict-aliasing -Werror=implicit-function-declaration -Werror=pointer-arith  -DCHECK_FUNCTION_EXISTS=pthread_create    CMakeFiles/cmTC_7bfa6.dir/CheckFunctionExists.c.o  -o cmTC_7bfa6  -lpthreads 
/usr/bin/ld: cannot find -lpthreads
collect2: error: ld returned 1 exit status
gmake[1]: *** [CMakeFiles/cmTC_7bfa6.dir/build.make:107: cmTC_7bfa6] Error 1
gmake[1]: Leaving directory '/home/ggonzalez/epitech/tek2/b-yep/B-YEP-400-NAN-4-1-indiestudio-gildas.gonzalez/build/CMakeFiles/CMakeTmp'
gmake: *** [Makefile:141: cmTC_7bfa6/fast] Error 2



